<?xml version="1.0"?>

<project name="JUnit Suit Test" default="run-test-reports" basedir=".">

	<!-- set global properties -->
	<import file="../../../common-run.xml" />

	<path id="project.classpath">
		<pathelement location="${classes}" />
		<pathelement location="${support.lib}/classdepandjar.jar" />
		<pathelement location="${support.lib}/junit.jar" />
		<pathelement location="${support.lib}/fit.jar" />
	</path>

	<!-- The task for running a test suit -->
	<property name="src.dir" value="../src" />
	<target name="run-test-suit">
		<junit printsummary="yes" haltonfailure="no">
			<formatter type="plain" />
			<classpath refid="project.classpath" />
			<batchtest fork="yes">
				<fileset dir="${src.dir}">
					<include name="**/*Test.java" />
					<include name="**/Test*.java" />
				</fileset>
			</batchtest>
		</junit>
	</target>

	<!-- The task for running JUnit and generating HTML reports -->
	<property name="test.reports" value="../reports" />
	<target name="run-test-reports">
		<junit fork="yes" printsummary="no" haltonfailure="no">
			<batchtest fork="yes" todir="${test.reports}">
				<fileset dir="${classes}">
					<include name="**/*Test.class" />
				</fileset>
			</batchtest>
			<formatter type="xml" />
			<classpath refid="project.classpath" />
		</junit>

		<junitreport todir="${test.reports}">
			<fileset dir="${test.reports}">
				<include name="TEST-*.xml" />
			</fileset>
			<report todir="${test.reports}" />
		</junitreport>
	</target>

</project>



